<?xml version="1.0" encoding="UTF-8"?>
<!-- Generated by org.testng.reporters.JUnitReportReporter -->
<testsuite hostname="DESKTOP-8NEVVBR" failures="0" tests="1" name="ContactTest" time="0.040" errors="0" timestamp="2022-09-20T12:07:21 IST" skipped="0">
  <testcase classname="ContactTest" name="contact" time="0.040"/>
  <system-out/>
</testsuite> <!-- ContactTest -->
